# JRE version: Java(TM) SE Runtime Environment (8.0_111-b14) (build 1.8.0_111-b14)
# Java VM: Java HotSpot(TM) 64-Bit Server VM (25.111-b14 mixed mode linux-amd64 compressed oops)
Heap:
 PSYoungGen      total 251904K, used 181833K [0x00000000e0000000, 0x00000000f2e00000, 0x0000000100000000)
  eden space 228352K, 69% used [0x00000000e0000000,0x00000000e9a99f30,0x00000000edf00000)
  from space 23552K, 99% used [0x00000000f0180000,0x00000000f1878520,0x00000000f1880000)
  to   space 35328K, 0% used [0x00000000edf00000,0x00000000edf00000,0x00000000f0180000)
 ParOldGen       total 146432K, used 68415K [0x00000000a0000000, 0x00000000a8f00000, 0x00000000e0000000)
  object space 146432K, 46% used [0x00000000a0000000,0x00000000a42cfd08,0x00000000a8f00000)
 Metaspace       used 63158K, capacity 65382K, committed 65560K, reserved 1105920K
  class space    used 8652K, capacity 9217K, committed 9264K, reserved 1048576K
GC Heap History (10 events):
Event: 45.250 GC heap before
{Heap before GC invocations=11 (full 2):
 PSYoungGen      total 155648K, used 154225K [0x00000000e0000000, 0x00000000ea800000, 0x0000000100000000)
  eden space 143872K, 100% used [0x00000000e0000000,0x00000000e8c80000,0x00000000e8c80000)
  from space 11776K, 87% used [0x00000000e9900000,0x00000000ea31c4f8,0x00000000ea480000)
  to   space 12800K, 0% used [0x00000000e8c80000,0x00000000e8c80000,0x00000000e9900000)
 ParOldGen       total 90112K, used 16300K [0x00000000a0000000, 0x00000000a5800000, 0x00000000e0000000)
  object space 90112K, 18% used [0x00000000a0000000,0x00000000a0feb160,0x00000000a5800000)
 Metaspace       used 47805K, capacity 48998K, committed 49200K, reserved 1091584K
  class space    used 6529K, capacity 6874K, committed 6960K, reserved 1048576K
Event: 45.352 GC heap after
Heap after GC invocations=11 (full 2):
 PSYoungGen      total 156672K, used 12772K [0x00000000e0000000, 0x00000000ed800000, 0x0000000100000000)
  eden space 143872K, 0% used [0x00000000e0000000,0x00000000e0000000,0x00000000e8c80000)
  from space 12800K, 99% used [0x00000000e8c80000,0x00000000e98f9268,0x00000000e9900000)
  to   space 15872K, 0% used [0x00000000ec880000,0x00000000ec880000,0x00000000ed800000)
 ParOldGen       total 90112K, used 20722K [0x00000000a0000000, 0x00000000a5800000, 0x00000000e0000000)
  object space 90112K, 22% used [0x00000000a0000000,0x00000000a143cbf8,0x00000000a5800000)
 Metaspace       used 47805K, capacity 48998K, committed 49200K, reserved 1091584K
  class space    used 6529K, capacity 6874K, committed 6960K, reserved 1048576K
}
Event: 59.977 GC heap before
{Heap before GC invocations=12 (full 2):
 PSYoungGen      total 156672K, used 156644K [0x00000000e0000000, 0x00000000ed800000, 0x0000000100000000)
  eden space 143872K, 100% used [0x00000000e0000000,0x00000000e8c80000,0x00000000e8c80000)
  from space 12800K, 99% used [0x00000000e8c80000,0x00000000e98f9268,0x00000000e9900000)
  to   space 15872K, 0% used [0x00000000ec880000,0x00000000ec880000,0x00000000ed800000)
 ParOldGen       total 90112K, used 20722K [0x00000000a0000000, 0x00000000a5800000, 0x00000000e0000000)
  object space 90112K, 22% used [0x00000000a0000000,0x00000000a143cbf8,0x00000000a5800000)
 Metaspace       used 54889K, capacity 56908K, committed 57136K, reserved 1097728K
  class space    used 7623K, capacity 8138K, committed 8240K, reserved 1048576K
Event: 60.218 GC heap after
Heap after GC invocations=12 (full 2):
 PSYoungGen      total 199168K, used 15870K [0x00000000e0000000, 0x00000000ee400000, 0x0000000100000000)
  eden space 183296K, 0% used [0x00000000e0000000,0x00000000e0000000,0x00000000eb300000)
  from space 15872K, 99% used [0x00000000ec880000,0x00000000ed7ffbb8,0x00000000ed800000)
  to   space 22016K, 0% used [0x00000000eb300000,0x00000000eb300000,0x00000000ec880000)
 ParOldGen       total 90112K, used 31352K [0x00000000a0000000, 0x00000000a5800000, 0x00000000e0000000)
  object space 90112K, 34% used [0x00000000a0000000,0x00000000a1e9e270,0x00000000a5800000)
 Metaspace       used 54889K, capacity 56908K, committed 57136K, reserved 1097728K
  class space    used 7623K, capacity 8138K, committed 8240K, reserved 1048576K
}
Event: 74.387 GC heap before
{Heap before GC invocations=13 (full 2):
 PSYoungGen      total 199168K, used 165626K [0x00000000e0000000, 0x00000000ee400000, 0x0000000100000000)
  eden space 183296K, 81% used [0x00000000e0000000,0x00000000e923ecd0,0x00000000eb300000)
  from space 15872K, 99% used [0x00000000ec880000,0x00000000ed7ffbb8,0x00000000ed800000)
  to   space 22016K, 0% used [0x00000000eb300000,0x00000000eb300000,0x00000000ec880000)
 ParOldGen       total 90112K, used 31352K [0x00000000a0000000, 0x00000000a5800000, 0x00000000e0000000)
  object space 90112K, 34% used [0x00000000a0000000,0x00000000a1e9e270,0x00000000a5800000)
 Metaspace       used 56991K, capacity 59010K, committed 59160K, reserved 1099776K
  class space    used 7875K, capacity 8381K, committed 8496K, reserved 1048576K
Event: 74.574 GC heap after
Heap after GC invocations=13 (full 2):
 PSYoungGen      total 205312K, used 18372K [0x00000000e0000000, 0x00000000f1880000, 0x0000000100000000)
  eden space 183296K, 0% used [0x00000000e0000000,0x00000000e0000000,0x00000000eb300000)
  from space 22016K, 83% used [0x00000000eb300000,0x00000000ec4f1170,0x00000000ec880000)
  to   space 23552K, 0% used [0x00000000f0180000,0x00000000f0180000,0x00000000f1880000)
 ParOldGen       total 90112K, used 39647K [0x00000000a0000000, 0x00000000a5800000, 0x00000000e0000000)
  object space 90112K, 43% used [0x00000000a0000000,0x00000000a26b7e58,0x00000000a5800000)
 Metaspace       used 56991K, capacity 59010K, committed 59160K, reserved 1099776K
  class space    used 7875K, capacity 8381K, committed 8496K, reserved 1048576K
}
Event: 74.574 GC heap before
{Heap before GC invocations=14 (full 3):
 PSYoungGen      total 205312K, used 18372K [0x00000000e0000000, 0x00000000f1880000, 0x0000000100000000)
  eden space 183296K, 0% used [0x00000000e0000000,0x00000000e0000000,0x00000000eb300000)
  from space 22016K, 83% used [0x00000000eb300000,0x00000000ec4f1170,0x00000000ec880000)
  to   space 23552K, 0% used [0x00000000f0180000,0x00000000f0180000,0x00000000f1880000)
 ParOldGen       total 90112K, used 39647K [0x00000000a0000000, 0x00000000a5800000, 0x00000000e0000000)
  object space 90112K, 43% used [0x00000000a0000000,0x00000000a26b7e58,0x00000000a5800000)
 Metaspace       used 56991K, capacity 59010K, committed 59160K, reserved 1099776K
  class space    used 7875K, capacity 8381K, committed 8496K, reserved 1048576K
Event: 75.439 GC heap after
Heap after GC invocations=14 (full 3):
 PSYoungGen      total 205312K, used 0K [0x00000000e0000000, 0x00000000f1880000, 0x0000000100000000)
  eden space 183296K, 0% used [0x00000000e0000000,0x00000000e0000000,0x00000000eb300000)
  from space 22016K, 0% used [0x00000000eb300000,0x00000000eb300000,0x00000000ec880000)
  to   space 23552K, 0% used [0x00000000f0180000,0x00000000f0180000,0x00000000f1880000)
 ParOldGen       total 146432K, used 45188K [0x00000000a0000000, 0x00000000a8f00000, 0x00000000e0000000)
  object space 146432K, 30% used [0x00000000a0000000,0x00000000a2c21060,0x00000000a8f00000)
 Metaspace       used 56991K, capacity 59010K, committed 59160K, reserved 1099776K
  class space    used 7875K, capacity 8381K, committed 8496K, reserved 1048576K
}
Event: 82.071 GC heap before
{Heap before GC invocations=15 (full 3):
 PSYoungGen      total 205312K, used 181831K [0x00000000e0000000, 0x00000000f1880000, 0x0000000100000000)
  eden space 183296K, 99% used [0x00000000e0000000,0x00000000eb191d28,0x00000000eb300000)
  from space 22016K, 0% used [0x00000000eb300000,0x00000000eb300000,0x00000000ec880000)
  to   space 23552K, 0% used [0x00000000f0180000,0x00000000f0180000,0x00000000f1880000)
 ParOldGen       total 146432K, used 45188K [0x00000000a0000000, 0x00000000a8f00000, 0x00000000e0000000)
  object space 146432K, 30% used [0x00000000a0000000,0x00000000a2c21060,0x00000000a8f00000)
 Metaspace       used 60934K, capacity 62990K, committed 63256K, reserved 1103872K
  class space    used 8366K, capacity 8895K, committed 9008K, reserved 1048576K
Event: 82.226 GC heap after
Heap after GC invocations=15 (full 3):
 PSYoungGen      total 251904K, used 23521K [0x00000000e0000000, 0x00000000f2e00000, 0x0000000100000000)
  eden space 228352K, 0% used [0x00000000e0000000,0x00000000e0000000,0x00000000edf00000)
  from space 23552K, 99% used [0x00000000f0180000,0x00000000f1878520,0x00000000f1880000)
  to   space 35328K, 0% used [0x00000000edf00000,0x00000000edf00000,0x00000000f0180000)
 ParOldGen       total 146432K, used 68415K [0x00000000a0000000, 0x00000000a8f00000, 0x00000000e0000000)
  object space 146432K, 46% used [0x00000000a0000000,0x00000000a42cfd08,0x00000000a8f00000)
 Metaspace       used 60934K, capacity 62990K, committed 63256K, reserved 1103872K
  class space    used 8366K, capacity 8895K, committed 9008K, reserved 1048576K
}

