# JRE version: Java(TM) SE Runtime Environment (8.0_111-b14) (build 1.8.0_111-b14)
# Java VM: Java HotSpot(TM) 64-Bit Server VM (25.111-b14 mixed mode linux-amd64 compressed oops)
Heap:
 PSYoungGen      total 452608K, used 248303K [0x00000000e0000000, 0x0000000100000000, 0x0000000100000000)
  eden space 397824K, 48% used [0x00000000e0000000,0x00000000ebcfe530,0x00000000f8480000)
  from space 54784K, 99% used [0x00000000f9500000,0x00000000fca7d758,0x00000000fca80000)
  to   space 54784K, 0% used [0x00000000fca80000,0x00000000fca80000,0x0000000100000000)
 ParOldGen       total 236032K, used 148063K [0x00000000a0000000, 0x00000000ae680000, 0x00000000e0000000)
  object space 236032K, 62% used [0x00000000a0000000,0x00000000a9097d08,0x00000000ae680000)
 Metaspace       used 78237K, capacity 82002K, committed 82200K, reserved 1120256K
  class space    used 10403K, capacity 11441K, committed 11568K, reserved 1048576K
GC Heap History (10 events):
Event: 424.062 GC heap before
{Heap before GC invocations=17 (full 3):
 PSYoungGen      total 393728K, used 389416K [0x00000000e0000000, 0x00000000ffd00000, 0x0000000100000000)
  eden space 366592K, 100% used [0x00000000e0000000,0x00000000f6600000,0x00000000f6600000)
  from space 27136K, 84% used [0x00000000f6600000,0x00000000f7c4a258,0x00000000f8080000)
  to   space 29696K, 0% used [0x00000000fe000000,0x00000000fe000000,0x00000000ffd00000)
 ParOldGen       total 102400K, used 70556K [0x00000000a0000000, 0x00000000a6400000, 0x00000000e0000000)
  object space 102400K, 68% used [0x00000000a0000000,0x00000000a44e72b8,0x00000000a6400000)
 Metaspace       used 75958K, capacity 79416K, committed 79512K, reserved 1118208K
  class space    used 10174K, capacity 11140K, committed 11184K, reserved 1048576K
Event: 424.192 GC heap after
Heap after GC invocations=17 (full 3):
 PSYoungGen      total 471552K, used 21971K [0x00000000e0000000, 0x00000000ff580000, 0x0000000100000000)
  eden space 449536K, 0% used [0x00000000e0000000,0x00000000e0000000,0x00000000fb700000)
  from space 22016K, 99% used [0x00000000fe000000,0x00000000ff574fa0,0x00000000ff580000)
  to   space 31232K, 0% used [0x00000000fb880000,0x00000000fb880000,0x00000000fd700000)
 ParOldGen       total 102400K, used 70564K [0x00000000a0000000, 0x00000000a6400000, 0x00000000e0000000)
  object space 102400K, 68% used [0x00000000a0000000,0x00000000a44e92b8,0x00000000a6400000)
 Metaspace       used 75958K, capacity 79416K, committed 79512K, reserved 1118208K
  class space    used 10174K, capacity 11140K, committed 11184K, reserved 1048576K
}
Event: 454.933 GC heap before
{Heap before GC invocations=18 (full 3):
 PSYoungGen      total 471552K, used 469570K [0x00000000e0000000, 0x00000000ff580000, 0x0000000100000000)
  eden space 449536K, 99% used [0x00000000e0000000,0x00000000fb51ba08,0x00000000fb700000)
  from space 22016K, 99% used [0x00000000fe000000,0x00000000ff574fa0,0x00000000ff580000)
  to   space 31232K, 0% used [0x00000000fb880000,0x00000000fb880000,0x00000000fd700000)
 ParOldGen       total 102400K, used 70564K [0x00000000a0000000, 0x00000000a6400000, 0x00000000e0000000)
  object space 102400K, 68% used [0x00000000a0000000,0x00000000a44e92b8,0x00000000a6400000)
 Metaspace       used 76175K, capacity 79676K, committed 79768K, reserved 1118208K
  class space    used 10175K, capacity 11140K, committed 11184K, reserved 1048576K
Event: 455.068 GC heap after
Heap after GC invocations=18 (full 3):
 PSYoungGen      total 482304K, used 31213K [0x00000000e0000000, 0x0000000100000000, 0x0000000100000000)
  eden space 451072K, 0% used [0x00000000e0000000,0x00000000e0000000,0x00000000fb880000)
  from space 31232K, 99% used [0x00000000fb880000,0x00000000fd6fb798,0x00000000fd700000)
  to   space 41984K, 0% used [0x00000000fd700000,0x00000000fd700000,0x0000000100000000)
 ParOldGen       total 123392K, used 122457K [0x00000000a0000000, 0x00000000a7880000, 0x00000000e0000000)
  object space 123392K, 99% used [0x00000000a0000000,0x00000000a77966b0,0x00000000a7880000)
 Metaspace       used 76175K, capacity 79676K, committed 79768K, reserved 1118208K
  class space    used 10175K, capacity 11140K, committed 11184K, reserved 1048576K
}
Event: 455.225 GC heap before
{Heap before GC invocations=19 (full 4):
 PSYoungGen      total 482304K, used 31213K [0x00000000e0000000, 0x0000000100000000, 0x0000000100000000)
  eden space 451072K, 0% used [0x00000000e0000000,0x00000000e0000000,0x00000000fb880000)
  from space 31232K, 99% used [0x00000000fb880000,0x00000000fd6fb798,0x00000000fd700000)
  to   space 41984K, 0% used [0x00000000fd700000,0x00000000fd700000,0x0000000100000000)
 ParOldGen       total 123392K, used 122457K [0x00000000a0000000, 0x00000000a7880000, 0x00000000e0000000)
  object space 123392K, 99% used [0x00000000a0000000,0x00000000a77966b0,0x00000000a7880000)
 Metaspace       used 76175K, capacity 79676K, committed 79768K, reserved 1118208K
  class space    used 10175K, capacity 11140K, committed 11184K, reserved 1048576K
Event: 457.392 GC heap after
Heap after GC invocations=19 (full 4):
 PSYoungGen      total 482304K, used 15544K [0x00000000e0000000, 0x0000000100000000, 0x0000000100000000)
  eden space 451072K, 0% used [0x00000000e0000000,0x00000000e0000000,0x00000000fb880000)
  from space 31232K, 49% used [0x00000000fb880000,0x00000000fc7ae1c8,0x00000000fd700000)
  to   space 41984K, 0% used [0x00000000fd700000,0x00000000fd700000,0x0000000100000000)
 ParOldGen       total 236032K, used 123273K [0x00000000a0000000, 0x00000000ae680000, 0x00000000e0000000)
  object space 236032K, 52% used [0x00000000a0000000,0x00000000a7862540,0x00000000ae680000)
 Metaspace       used 76172K, capacity 79668K, committed 79768K, reserved 1118208K
  class space    used 10174K, capacity 11138K, committed 11184K, reserved 1048576K
}
Event: 4146.673 GC heap before
{Heap before GC invocations=20 (full 4):
 PSYoungGen      total 482304K, used 466616K [0x00000000e0000000, 0x0000000100000000, 0x0000000100000000)
  eden space 451072K, 100% used [0x00000000e0000000,0x00000000fb880000,0x00000000fb880000)
  from space 31232K, 49% used [0x00000000fb880000,0x00000000fc7ae1c8,0x00000000fd700000)
  to   space 41984K, 0% used [0x00000000fd700000,0x00000000fd700000,0x0000000100000000)
 ParOldGen       total 236032K, used 123273K [0x00000000a0000000, 0x00000000ae680000, 0x00000000e0000000)
  object space 236032K, 52% used [0x00000000a0000000,0x00000000a7862540,0x00000000ae680000)
 Metaspace       used 76968K, capacity 80860K, committed 80920K, reserved 1118208K
  class space    used 10230K, capacity 11278K, committed 11312K, reserved 1048576K
Event: 4146.737 GC heap after
Heap after GC invocations=20 (full 4):
 PSYoungGen      total 456704K, used 28429K [0x00000000e0000000, 0x0000000100000000, 0x0000000100000000)
  eden space 414720K, 0% used [0x00000000e0000000,0x00000000e0000000,0x00000000f9500000)
  from space 41984K, 67% used [0x00000000fd700000,0x00000000ff2c35e8,0x0000000100000000)
  to   space 54784K, 0% used [0x00000000f9500000,0x00000000f9500000,0x00000000fca80000)
 ParOldGen       total 236032K, used 129513K [0x00000000a0000000, 0x00000000ae680000, 0x00000000e0000000)
  object space 236032K, 54% used [0x00000000a0000000,0x00000000a7e7a4f0,0x00000000ae680000)
 Metaspace       used 76968K, capacity 80860K, committed 80920K, reserved 1118208K
  class space    used 10230K, capacity 11278K, committed 11312K, reserved 1048576K
}
Event: 4206.830 GC heap before
{Heap before GC invocations=21 (full 4):
 PSYoungGen      total 456704K, used 443149K [0x00000000e0000000, 0x0000000100000000, 0x0000000100000000)
  eden space 414720K, 100% used [0x00000000e0000000,0x00000000f9500000,0x00000000f9500000)
  from space 41984K, 67% used [0x00000000fd700000,0x00000000ff2c35e8,0x0000000100000000)
  to   space 54784K, 0% used [0x00000000f9500000,0x00000000f9500000,0x00000000fca80000)
 ParOldGen       total 236032K, used 129513K [0x00000000a0000000, 0x00000000ae680000, 0x00000000e0000000)
  object space 236032K, 54% used [0x00000000a0000000,0x00000000a7e7a4f0,0x00000000ae680000)
 Metaspace       used 77026K, capacity 80860K, committed 80920K, reserved 1118208K
  class space    used 10230K, capacity 11278K, committed 11312K, reserved 1048576K
Event: 4206.905 GC heap after
Heap after GC invocations=21 (full 4):
 PSYoungGen      total 452608K, used 54773K [0x00000000e0000000, 0x0000000100000000, 0x0000000100000000)
  eden space 397824K, 0% used [0x00000000e0000000,0x00000000e0000000,0x00000000f8480000)
  from space 54784K, 99% used [0x00000000f9500000,0x00000000fca7d758,0x00000000fca80000)
  to   space 54784K, 0% used [0x00000000fca80000,0x00000000fca80000,0x0000000100000000)
 ParOldGen       total 236032K, used 148063K [0x00000000a0000000, 0x00000000ae680000, 0x00000000e0000000)
  object space 236032K, 62% used [0x00000000a0000000,0x00000000a9097d08,0x00000000ae680000)
 Metaspace       used 77026K, capacity 80860K, committed 80920K, reserved 1118208K
  class space    used 10230K, capacity 11278K, committed 11312K, reserved 1048576K
}

