# JRE version: Java(TM) SE Runtime Environment (8.0_111-b14) (build 1.8.0_111-b14)
# Java VM: Java HotSpot(TM) 64-Bit Server VM (25.111-b14 mixed mode linux-amd64 compressed oops)
Heap:
 PSYoungGen      total 490496K, used 386402K [0x00000000e0000000, 0x0000000100000000, 0x0000000100000000)
  eden space 455168K, 82% used [0x00000000e0000000,0x00000000f6fbcf48,0x00000000fbc80000)
  from space 35328K, 27% used [0x00000000fdd80000,0x00000000fe71b8e8,0x0000000100000000)
  to   space 33792K, 0% used [0x00000000fbc80000,0x00000000fbc80000,0x00000000fdd80000)
 ParOldGen       total 131072K, used 63718K [0x00000000a0000000, 0x00000000a8000000, 0x00000000e0000000)
  object space 131072K, 48% used [0x00000000a0000000,0x00000000a3e39b48,0x00000000a8000000)
 Metaspace       used 73921K, capacity 77097K, committed 77272K, reserved 1116160K
  class space    used 9914K, capacity 10729K, committed 10752K, reserved 1048576K
GC Heap History (10 events):
Event: 96.880 GC heap before
{Heap before GC invocations=16 (full 3):
 PSYoungGen      total 460800K, used 451427K [0x00000000e0000000, 0x00000000fe900000, 0x0000000100000000)
  eden space 444416K, 100% used [0x00000000e0000000,0x00000000fb200000,0x00000000fb200000)
  from space 16384K, 42% used [0x00000000fd900000,0x00000000fdfd8fc8,0x00000000fe900000)
  to   space 28160K, 0% used [0x00000000fb200000,0x00000000fb200000,0x00000000fcd80000)
 ParOldGen       total 94720K, used 56686K [0x00000000a0000000, 0x00000000a5c80000, 0x00000000e0000000)
  object space 94720K, 59% used [0x00000000a0000000,0x00000000a375b8b0,0x00000000a5c80000)
 Metaspace       used 66200K, capacity 68673K, committed 68824K, reserved 1107968K
  class space    used 9002K, capacity 9657K, committed 9728K, reserved 1048576K
Event: 97.054 GC heap after
Heap after GC invocations=16 (full 3):
 PSYoungGen      total 472576K, used 22533K [0x00000000e0000000, 0x0000000100000000, 0x0000000100000000)
  eden space 444416K, 0% used [0x00000000e0000000,0x00000000e0000000,0x00000000fb200000)
  from space 28160K, 80% used [0x00000000fb200000,0x00000000fc8016c0,0x00000000fcd80000)
  to   space 30208K, 0% used [0x00000000fe280000,0x00000000fe280000,0x0000000100000000)
 ParOldGen       total 94720K, used 62116K [0x00000000a0000000, 0x00000000a5c80000, 0x00000000e0000000)
  object space 94720K, 65% used [0x00000000a0000000,0x00000000a3ca9310,0x00000000a5c80000)
 Metaspace       used 66200K, capacity 68673K, committed 68824K, reserved 1107968K
  class space    used 9002K, capacity 9657K, committed 9728K, reserved 1048576K
}
Event: 100.700 GC heap before
{Heap before GC invocations=17 (full 3):
 PSYoungGen      total 472576K, used 466864K [0x00000000e0000000, 0x0000000100000000, 0x0000000100000000)
  eden space 444416K, 99% used [0x00000000e0000000,0x00000000fb1ea9b0,0x00000000fb200000)
  from space 28160K, 80% used [0x00000000fb200000,0x00000000fc8016c0,0x00000000fcd80000)
  to   space 30208K, 0% used [0x00000000fe280000,0x00000000fe280000,0x0000000100000000)
 ParOldGen       total 94720K, used 62116K [0x00000000a0000000, 0x00000000a5c80000, 0x00000000e0000000)
  object space 94720K, 65% used [0x00000000a0000000,0x00000000a3ca9310,0x00000000a5c80000)
 Metaspace       used 67697K, capacity 70321K, committed 70616K, reserved 1110016K
  class space    used 9203K, capacity 9895K, committed 9984K, reserved 1048576K
Event: 100.945 GC heap after
Heap after GC invocations=17 (full 3):
 PSYoungGen      total 484864K, used 30006K [0x00000000e0000000, 0x0000000100000000, 0x0000000100000000)
  eden space 454656K, 0% used [0x00000000e0000000,0x00000000e0000000,0x00000000fbc00000)
  from space 30208K, 99% used [0x00000000fe280000,0x00000000fffcd870,0x0000000100000000)
  to   space 34816K, 0% used [0x00000000fbc00000,0x00000000fbc00000,0x00000000fde00000)
 ParOldGen       total 94720K, used 78930K [0x00000000a0000000, 0x00000000a5c80000, 0x00000000e0000000)
  object space 94720K, 83% used [0x00000000a0000000,0x00000000a4d14908,0x00000000a5c80000)
 Metaspace       used 67697K, capacity 70321K, committed 70616K, reserved 1110016K
  class space    used 9203K, capacity 9895K, committed 9984K, reserved 1048576K
}
Event: 101.121 GC heap before
{Heap before GC invocations=18 (full 3):
 PSYoungGen      total 484864K, used 484585K [0x00000000e0000000, 0x0000000100000000, 0x0000000100000000)
  eden space 454656K, 99% used [0x00000000e0000000,0x00000000fbbeccd8,0x00000000fbc00000)
  from space 30208K, 99% used [0x00000000fe280000,0x00000000fffcd870,0x0000000100000000)
  to   space 34816K, 0% used [0x00000000fbc00000,0x00000000fbc00000,0x00000000fde00000)
 ParOldGen       total 94720K, used 78930K [0x00000000a0000000, 0x00000000a5c80000, 0x00000000e0000000)
  object space 94720K, 83% used [0x00000000a0000000,0x00000000a4d14908,0x00000000a5c80000)
 Metaspace       used 67709K, capacity 70321K, committed 70616K, reserved 1110016K
  class space    used 9203K, capacity 9895K, committed 9984K, reserved 1048576K
Event: 101.182 GC heap after
Heap after GC invocations=18 (full 3):
 PSYoungGen      total 455168K, used 96K [0x00000000e0000000, 0x0000000100000000, 0x0000000100000000)
  eden space 454656K, 0% used [0x00000000e0000000,0x00000000e0000000,0x00000000fbc00000)
  from space 512K, 18% used [0x00000000fbc00000,0x00000000fbc18000,0x00000000fbc80000)
  to   space 35328K, 0% used [0x00000000fdd80000,0x00000000fdd80000,0x0000000100000000)
 ParOldGen       total 94720K, used 87166K [0x00000000a0000000, 0x00000000a5c80000, 0x00000000e0000000)
  object space 94720K, 92% used [0x00000000a0000000,0x00000000a551f858,0x00000000a5c80000)
 Metaspace       used 67709K, capacity 70321K, committed 70616K, reserved 1110016K
  class space    used 9203K, capacity 9895K, committed 9984K, reserved 1048576K
}
Event: 101.182 GC heap before
{Heap before GC invocations=19 (full 4):
 PSYoungGen      total 455168K, used 96K [0x00000000e0000000, 0x0000000100000000, 0x0000000100000000)
  eden space 454656K, 0% used [0x00000000e0000000,0x00000000e0000000,0x00000000fbc00000)
  from space 512K, 18% used [0x00000000fbc00000,0x00000000fbc18000,0x00000000fbc80000)
  to   space 35328K, 0% used [0x00000000fdd80000,0x00000000fdd80000,0x0000000100000000)
 ParOldGen       total 94720K, used 87166K [0x00000000a0000000, 0x00000000a5c80000, 0x00000000e0000000)
  object space 94720K, 92% used [0x00000000a0000000,0x00000000a551f858,0x00000000a5c80000)
 Metaspace       used 67709K, capacity 70321K, committed 70616K, reserved 1110016K
  class space    used 9203K, capacity 9895K, committed 9984K, reserved 1048576K
Event: 101.447 GC heap after
Heap after GC invocations=19 (full 4):
 PSYoungGen      total 455168K, used 0K [0x00000000e0000000, 0x0000000100000000, 0x0000000100000000)
  eden space 454656K, 0% used [0x00000000e0000000,0x00000000e0000000,0x00000000fbc00000)
  from space 512K, 0% used [0x00000000fbc00000,0x00000000fbc00000,0x00000000fbc80000)
  to   space 35328K, 0% used [0x00000000fdd80000,0x00000000fdd80000,0x0000000100000000)
 ParOldGen       total 131072K, used 63710K [0x00000000a0000000, 0x00000000a8000000, 0x00000000e0000000)
  object space 131072K, 48% used [0x00000000a0000000,0x00000000a3e37b48,0x00000000a8000000)
 Metaspace       used 67709K, capacity 70321K, committed 70616K, reserved 1110016K
  class space    used 9203K, capacity 9895K, committed 9984K, reserved 1048576K
}
Event: 200.393 GC heap before
{Heap before GC invocations=20 (full 4):
 PSYoungGen      total 455168K, used 454656K [0x00000000e0000000, 0x0000000100000000, 0x0000000100000000)
  eden space 454656K, 100% used [0x00000000e0000000,0x00000000fbc00000,0x00000000fbc00000)
  from space 512K, 0% used [0x00000000fbc00000,0x00000000fbc00000,0x00000000fbc80000)
  to   space 35328K, 0% used [0x00000000fdd80000,0x00000000fdd80000,0x0000000100000000)
 ParOldGen       total 131072K, used 63710K [0x00000000a0000000, 0x00000000a8000000, 0x00000000e0000000)
  object space 131072K, 48% used [0x00000000a0000000,0x00000000a3e37b48,0x00000000a8000000)
 Metaspace       used 72367K, capacity 75549K, committed 75864K, reserved 1114112K
  class space    used 9710K, capacity 10551K, committed 10624K, reserved 1048576K
Event: 200.407 GC heap after
Heap after GC invocations=20 (full 4):
 PSYoungGen      total 490496K, used 9838K [0x00000000e0000000, 0x0000000100000000, 0x0000000100000000)
  eden space 455168K, 0% used [0x00000000e0000000,0x00000000e0000000,0x00000000fbc80000)
  from space 35328K, 27% used [0x00000000fdd80000,0x00000000fe71b8e8,0x0000000100000000)
  to   space 33792K, 0% used [0x00000000fbc80000,0x00000000fbc80000,0x00000000fdd80000)
 ParOldGen       total 131072K, used 63718K [0x00000000a0000000, 0x00000000a8000000, 0x00000000e0000000)
  object space 131072K, 48% used [0x00000000a0000000,0x00000000a3e39b48,0x00000000a8000000)
 Metaspace       used 72367K, capacity 75549K, committed 75864K, reserved 1114112K
  class space    used 9710K, capacity 10551K, committed 10624K, reserved 1048576K
}

