# JRE version: Java(TM) SE Runtime Environment (8.0_111-b14) (build 1.8.0_111-b14)
# Java VM: Java HotSpot(TM) 64-Bit Server VM (25.111-b14 mixed mode linux-amd64 compressed oops)
Heap:
 PSYoungGen      total 310784K, used 156819K [0x00000000e0000000, 0x00000000f4780000, 0x0000000100000000)
  eden space 302592K, 49% used [0x00000000e0000000,0x00000000e919d928,0x00000000f2780000)
  from space 8192K, 94% used [0x00000000f3f80000,0x00000000f4707590,0x00000000f4780000)
  to   space 15872K, 0% used [0x00000000f2880000,0x00000000f2880000,0x00000000f3800000)
 ParOldGen       total 96768K, used 46237K [0x00000000a0000000, 0x00000000a5e80000, 0x00000000e0000000)
  object space 96768K, 47% used [0x00000000a0000000,0x00000000a2d27730,0x00000000a5e80000)
 Metaspace       used 66441K, capacity 68868K, committed 69080K, reserved 1107968K
  class space    used 9050K, capacity 9702K, committed 9728K, reserved 1048576K
GC Heap History (10 events):
Event: 43.914 GC heap before
{Heap before GC invocations=13 (full 2):
 PSYoungGen      total 166912K, used 166908K [0x00000000e0000000, 0x00000000eb800000, 0x0000000100000000)
  eden space 154112K, 100% used [0x00000000e0000000,0x00000000e9680000,0x00000000e9680000)
  from space 12800K, 99% used [0x00000000ea580000,0x00000000eb1ff210,0x00000000eb200000)
  to   space 15360K, 0% used [0x00000000e9680000,0x00000000e9680000,0x00000000ea580000)
 ParOldGen       total 65536K, used 20885K [0x00000000a0000000, 0x00000000a4000000, 0x00000000e0000000)
  object space 65536K, 31% used [0x00000000a0000000,0x00000000a14655d0,0x00000000a4000000)
 Metaspace       used 54256K, capacity 55914K, committed 56024K, reserved 1097728K
  class space    used 7374K, capacity 7852K, committed 7936K, reserved 1048576K
Event: 44.007 GC heap after
Heap after GC invocations=13 (full 2):
 PSYoungGen      total 169472K, used 11289K [0x00000000e0000000, 0x00000000efa80000, 0x0000000100000000)
  eden space 154112K, 0% used [0x00000000e0000000,0x00000000e0000000,0x00000000e9680000)
  from space 15360K, 73% used [0x00000000e9680000,0x00000000ea1867a0,0x00000000ea580000)
  to   space 15872K, 0% used [0x00000000eeb00000,0x00000000eeb00000,0x00000000efa80000)
 ParOldGen       total 65536K, used 33157K [0x00000000a0000000, 0x00000000a4000000, 0x00000000e0000000)
  object space 65536K, 50% used [0x00000000a0000000,0x00000000a2061460,0x00000000a4000000)
 Metaspace       used 54256K, capacity 55914K, committed 56024K, reserved 1097728K
  class space    used 7374K, capacity 7852K, committed 7936K, reserved 1048576K
}
Event: 45.751 GC heap before
{Heap before GC invocations=14 (full 2):
 PSYoungGen      total 169472K, used 74087K [0x00000000e0000000, 0x00000000efa80000, 0x0000000100000000)
  eden space 154112K, 40% used [0x00000000e0000000,0x00000000e3d53760,0x00000000e9680000)
  from space 15360K, 73% used [0x00000000e9680000,0x00000000ea1867a0,0x00000000ea580000)
  to   space 15872K, 0% used [0x00000000eeb00000,0x00000000eeb00000,0x00000000efa80000)
 ParOldGen       total 65536K, used 33157K [0x00000000a0000000, 0x00000000a4000000, 0x00000000e0000000)
  object space 65536K, 50% used [0x00000000a0000000,0x00000000a2061460,0x00000000a4000000)
 Metaspace       used 56932K, capacity 58936K, committed 59028K, reserved 1099776K
  class space    used 7836K, capacity 8421K, committed 8448K, reserved 1048576K
Event: 45.821 GC heap after
Heap after GC invocations=14 (full 2):
 PSYoungGen      total 241152K, used 7583K [0x00000000e0000000, 0x00000000efb00000, 0x0000000100000000)
  eden space 225280K, 0% used [0x00000000e0000000,0x00000000e0000000,0x00000000edc00000)
  from space 15872K, 47% used [0x00000000eeb00000,0x00000000ef267cc8,0x00000000efa80000)
  to   space 15360K, 0% used [0x00000000edc00000,0x00000000edc00000,0x00000000eeb00000)
 ParOldGen       total 65536K, used 37122K [0x00000000a0000000, 0x00000000a4000000, 0x00000000e0000000)
  object space 65536K, 56% used [0x00000000a0000000,0x00000000a2440830,0x00000000a4000000)
 Metaspace       used 56932K, capacity 58936K, committed 59028K, reserved 1099776K
  class space    used 7836K, capacity 8421K, committed 8448K, reserved 1048576K
}
Event: 45.821 GC heap before
{Heap before GC invocations=15 (full 3):
 PSYoungGen      total 241152K, used 7583K [0x00000000e0000000, 0x00000000efb00000, 0x0000000100000000)
  eden space 225280K, 0% used [0x00000000e0000000,0x00000000e0000000,0x00000000edc00000)
  from space 15872K, 47% used [0x00000000eeb00000,0x00000000ef267cc8,0x00000000efa80000)
  to   space 15360K, 0% used [0x00000000edc00000,0x00000000edc00000,0x00000000eeb00000)
 ParOldGen       total 65536K, used 37122K [0x00000000a0000000, 0x00000000a4000000, 0x00000000e0000000)
  object space 65536K, 56% used [0x00000000a0000000,0x00000000a2440830,0x00000000a4000000)
 Metaspace       used 56932K, capacity 58936K, committed 59028K, reserved 1099776K
  class space    used 7836K, capacity 8421K, committed 8448K, reserved 1048576K
Event: 46.271 GC heap after
Heap after GC invocations=15 (full 3):
 PSYoungGen      total 241152K, used 0K [0x00000000e0000000, 0x00000000efb00000, 0x0000000100000000)
  eden space 225280K, 0% used [0x00000000e0000000,0x00000000e0000000,0x00000000edc00000)
  from space 15872K, 0% used [0x00000000eeb00000,0x00000000eeb00000,0x00000000efa80000)
  to   space 15360K, 0% used [0x00000000edc00000,0x00000000edc00000,0x00000000eeb00000)
 ParOldGen       total 96768K, used 37167K [0x00000000a0000000, 0x00000000a5e80000, 0x00000000e0000000)
  object space 96768K, 38% used [0x00000000a0000000,0x00000000a244bf70,0x00000000a5e80000)
 Metaspace       used 56932K, capacity 58936K, committed 59028K, reserved 1099776K
  class space    used 7836K, capacity 8421K, committed 8448K, reserved 1048576K
}
Event: 101.773 GC heap before
{Heap before GC invocations=16 (full 3):
 PSYoungGen      total 241152K, used 225280K [0x00000000e0000000, 0x00000000efb00000, 0x0000000100000000)
  eden space 225280K, 100% used [0x00000000e0000000,0x00000000edc00000,0x00000000edc00000)
  from space 15872K, 0% used [0x00000000eeb00000,0x00000000eeb00000,0x00000000efa80000)
  to   space 15360K, 0% used [0x00000000edc00000,0x00000000edc00000,0x00000000eeb00000)
 ParOldGen       total 96768K, used 37167K [0x00000000a0000000, 0x00000000a5e80000, 0x00000000e0000000)
  object space 96768K, 38% used [0x00000000a0000000,0x00000000a244bf70,0x00000000a5e80000)
 Metaspace       used 60592K, capacity 62776K, committed 62936K, reserved 1103872K
  class space    used 8279K, capacity 8845K, committed 8960K, reserved 1048576K
Event: 101.797 GC heap after
Heap after GC invocations=16 (full 3):
 PSYoungGen      total 240640K, used 13820K [0x00000000e0000000, 0x00000000f5000000, 0x0000000100000000)
  eden space 225280K, 0% used [0x00000000e0000000,0x00000000e0000000,0x00000000edc00000)
  from space 15360K, 89% used [0x00000000edc00000,0x00000000ee97f0f0,0x00000000eeb00000)
  to   space 16896K, 0% used [0x00000000f3f80000,0x00000000f3f80000,0x00000000f5000000)
 ParOldGen       total 96768K, used 37175K [0x00000000a0000000, 0x00000000a5e80000, 0x00000000e0000000)
  object space 96768K, 38% used [0x00000000a0000000,0x00000000a244df70,0x00000000a5e80000)
 Metaspace       used 60592K, capacity 62776K, committed 62936K, reserved 1103872K
  class space    used 8279K, capacity 8845K, committed 8960K, reserved 1048576K
}
Event: 119.782 GC heap before
{Heap before GC invocations=17 (full 3):
 PSYoungGen      total 240640K, used 239100K [0x00000000e0000000, 0x00000000f5000000, 0x0000000100000000)
  eden space 225280K, 100% used [0x00000000e0000000,0x00000000edc00000,0x00000000edc00000)
  from space 15360K, 89% used [0x00000000edc00000,0x00000000ee97f0f0,0x00000000eeb00000)
  to   space 16896K, 0% used [0x00000000f3f80000,0x00000000f3f80000,0x00000000f5000000)
 ParOldGen       total 96768K, used 37175K [0x00000000a0000000, 0x00000000a5e80000, 0x00000000e0000000)
  object space 96768K, 38% used [0x00000000a0000000,0x00000000a244df70,0x00000000a5e80000)
 Metaspace       used 64316K, capacity 66592K, committed 66776K, reserved 1105920K
  class space    used 8787K, capacity 9390K, committed 9472K, reserved 1048576K
Event: 119.843 GC heap after
Heap after GC invocations=17 (full 3):
 PSYoungGen      total 310784K, used 7709K [0x00000000e0000000, 0x00000000f4780000, 0x0000000100000000)
  eden space 302592K, 0% used [0x00000000e0000000,0x00000000e0000000,0x00000000f2780000)
  from space 8192K, 94% used [0x00000000f3f80000,0x00000000f4707590,0x00000000f4780000)
  to   space 15872K, 0% used [0x00000000f2880000,0x00000000f2880000,0x00000000f3800000)
 ParOldGen       total 96768K, used 46237K [0x00000000a0000000, 0x00000000a5e80000, 0x00000000e0000000)
  object space 96768K, 47% used [0x00000000a0000000,0x00000000a2d27730,0x00000000a5e80000)
 Metaspace       used 64316K, capacity 66592K, committed 66776K, reserved 1105920K
  class space    used 8787K, capacity 9390K, committed 9472K, reserved 1048576K
}

